<?xml version="1.0" encoding="UTF-8"?>
<testsuite name="com.bridgelabs.UserRegistrationTest" tests="1" skipped="0" failures="0" errors="0" timestamp="2021-08-01T06:46:33" hostname="DESKTOP-IB61PHE" time="0.024">
  <properties/>
  <testcase name="givenLastName_WhenEmpty_ShouldReturnException" classname="com.bridgelabs.UserRegistrationTest" time="0.024"/>
  <system-out><![CDATA[]]></system-out>
  <system-err><![CDATA[]]></system-err>
</testsuite>
