<?xml version="1.0" encoding="UTF-8"?>
<testsuite name="com.bridgelabs.UserRegistrationTest" tests="1" skipped="0" failures="0" errors="0" timestamp="2021-08-01T16:20:49" hostname="DESKTOP-IB61PHE" time="0.016">
  <properties/>
  <testcase name="givenPassword_WhenNoNumber_ShouldReturnFalse" classname="com.bridgelabs.UserRegistrationTest" time="0.016"/>
  <system-out><![CDATA[invalid
]]></system-out>
  <system-err><![CDATA[]]></system-err>
</testsuite>
