<?xml version="1.0" encoding="UTF-8"?>
<testsuite name="com.bridgelabs.UserRegistrationTest" tests="1" skipped="0" failures="0" errors="0" timestamp="2021-07-30T15:59:03" hostname="DESKTOP-IB61PHE" time="0.01">
  <properties/>
  <testcase name="givenFirstName_WhenEmpty_ShouldReturnException" classname="com.bridgelabs.UserRegistrationTest" time="0.01"/>
  <system-out><![CDATA[]]></system-out>
  <system-err><![CDATA[]]></system-err>
</testsuite>
